2021-03-29 17:01:47,246 INFO  [org.jboss.modules] (main) JBoss Modules version 1.4.3.Final
2021-03-29 17:01:47,628 INFO  [org.jboss.msc] (main) JBoss MSC version 1.2.6.Final
2021-03-29 17:01:47,718 INFO  [org.jboss.as] (MSC service thread 1-8) WFLYSRV0049: WildFly Full 9.0.0.Final (WildFly Core 1.0.0.Final) starting
2021-03-29 17:01:47,720 DEBUG [org.jboss.as.config] (MSC service thread 1-8) Configured system properties:
	[Standalone] = 
	awt.toolkit = sun.awt.X11.XToolkit
	file.encoding = UTF-8
	file.encoding.pkg = sun.io
	file.separator = /
	java.awt.graphicsenv = sun.awt.X11GraphicsEnvironment
	java.awt.headless = true
	java.awt.printerjob = sun.print.PSPrinterJob
	java.class.path = /srv/jbossas7-img/wildfly-9.0.0.Final/jboss-modules.jar
	java.class.version = 52.0
	java.endorsed.dirs = /usr/lib/jvm/java-8-openjdk-amd64/jre/lib/endorsed
	java.ext.dirs = /usr/lib/jvm/java-8-openjdk-amd64/jre/lib/ext:/usr/java/packages/lib/ext
	java.home = /usr/lib/jvm/java-8-openjdk-amd64/jre
	java.io.tmpdir = /tmp
	java.library.path = /usr/java/packages/lib/amd64:/usr/lib/x86_64-linux-gnu/jni:/lib/x86_64-linux-gnu:/usr/lib/x86_64-linux-gnu:/usr/lib/jni:/lib:/usr/lib
	java.net.preferIPv4Stack = true
	java.runtime.name = OpenJDK Runtime Environment
	java.runtime.version = 1.8.0_282-8u282-b08-0ubuntu1~20.04-b08
	java.specification.name = Java Platform API Specification
	java.specification.vendor = Oracle Corporation
	java.specification.version = 1.8
	java.util.logging.manager = org.jboss.logmanager.LogManager
	java.vendor = Private Build
	java.vendor.url = http://java.oracle.com/
	java.vendor.url.bug = http://bugreport.sun.com/bugreport/
	java.version = 1.8.0_282
	java.vm.info = mixed mode
	java.vm.name = OpenJDK 64-Bit Server VM
	java.vm.specification.name = Java Virtual Machine Specification
	java.vm.specification.vendor = Oracle Corporation
	java.vm.specification.version = 1.8
	java.vm.vendor = Private Build
	java.vm.version = 25.282-b08
	javax.management.builder.initial = org.jboss.as.jmx.PluggableMBeanServerBuilder
	javax.xml.datatype.DatatypeFactory = __redirected.__DatatypeFactory
	javax.xml.parsers.DocumentBuilderFactory = __redirected.__DocumentBuilderFactory
	javax.xml.parsers.SAXParserFactory = __redirected.__SAXParserFactory
	javax.xml.stream.XMLEventFactory = __redirected.__XMLEventFactory
	javax.xml.stream.XMLInputFactory = __redirected.__XMLInputFactory
	javax.xml.stream.XMLOutputFactory = __redirected.__XMLOutputFactory
	javax.xml.transform.TransformerFactory = __redirected.__TransformerFactory
	javax.xml.validation.SchemaFactory:http://www.w3.org/2001/XMLSchema = __redirected.__SchemaFactory
	javax.xml.xpath.XPathFactory:http://java.sun.com/jaxp/xpath/dom = __redirected.__XPathFactory
	jboss.home.dir = /srv/jbossas7-img/wildfly-9.0.0.Final
	jboss.host.name = hg
	jboss.modules.dir = /srv/jbossas7-img/wildfly-9.0.0.Final/modules
	jboss.modules.system.pkgs = org.jboss.byteman
	jboss.node.name = hg
	jboss.qualified.host.name = hg
	jboss.server.base.dir = /srv/jbossas7-img/wildfly-9.0.0.Final/standalone
	jboss.server.config.dir = /srv/jbossas7-img/wildfly-9.0.0.Final/standalone/configuration
	jboss.server.data.dir = /srv/jbossas7-img/wildfly-9.0.0.Final/standalone/data
	jboss.server.deploy.dir = /srv/jbossas7-img/wildfly-9.0.0.Final/standalone/data/content
	jboss.server.log.dir = /srv/jbossas7-img/wildfly-9.0.0.Final/standalone/log
	jboss.server.name = hg
	jboss.server.persist.config = true
	jboss.server.temp.dir = /srv/jbossas7-img/wildfly-9.0.0.Final/standalone/tmp
	line.separator = 

	logging.configuration = file:/srv/jbossas7-img/wildfly-9.0.0.Final/standalone/configuration/logging.properties
	module.path = /srv/jbossas7-img/wildfly-9.0.0.Final/modules
	org.jboss.boot.log.file = /srv/jbossas7-img/wildfly-9.0.0.Final/standalone/log/server.log
	org.jboss.resolver.warning = true
	org.xml.sax.driver = __redirected.__XMLReaderFactory
	os.arch = amd64
	os.name = Linux
	os.version = 5.4.0-70-generic
	path.separator = :
	sun.arch.data.model = 64
	sun.boot.class.path = /usr/lib/jvm/java-8-openjdk-amd64/jre/lib/resources.jar:/usr/lib/jvm/java-8-openjdk-amd64/jre/lib/rt.jar:/usr/lib/jvm/java-8-openjdk-amd64/jre/lib/sunrsasign.jar:/usr/lib/jvm/java-8-openjdk-amd64/jre/lib/jsse.jar:/usr/lib/jvm/java-8-openjdk-amd64/jre/lib/jce.jar:/usr/lib/jvm/java-8-openjdk-amd64/jre/lib/charsets.jar:/usr/lib/jvm/java-8-openjdk-amd64/jre/lib/jfr.jar:/usr/lib/jvm/java-8-openjdk-amd64/jre/classes
	sun.boot.library.path = /usr/lib/jvm/java-8-openjdk-amd64/jre/lib/amd64
	sun.cpu.endian = little
	sun.cpu.isalist = 
	sun.io.unicode.encoding = UnicodeLittle
	sun.java.command = /srv/jbossas7-img/wildfly-9.0.0.Final/jboss-modules.jar -mp /srv/jbossas7-img/wildfly-9.0.0.Final/modules org.jboss.as.standalone -Djboss.home.dir=/srv/jbossas7-img/wildfly-9.0.0.Final -Djboss.server.base.dir=/srv/jbossas7-img/wildfly-9.0.0.Final/standalone
	sun.java.launcher = SUN_STANDARD
	sun.jnu.encoding = UTF-8
	sun.management.compiler = HotSpot 64-Bit Tiered Compilers
	sun.os.patch.level = unknown
	user.country = UY
	user.dir = /srv/jbossas7-img/wildfly-9.0.0.Final/bin
	user.home = /root
	user.language = es
	user.name = root
	user.timezone = America/Montevideo
2021-03-29 17:01:47,721 DEBUG [org.jboss.as.config] (MSC service thread 1-8) VM Arguments: -D[Standalone] -XX:+UseCompressedOops -XX:+UseCompressedOops -Xms64m -Xmx512m -XX:MaxPermSize=256m -Djava.net.preferIPv4Stack=true -Djboss.modules.system.pkgs=org.jboss.byteman -Djava.awt.headless=true -Dorg.jboss.boot.log.file=/srv/jbossas7-img/wildfly-9.0.0.Final/standalone/log/server.log -Dlogging.configuration=file:/srv/jbossas7-img/wildfly-9.0.0.Final/standalone/configuration/logging.properties 
2021-03-29 17:01:48,976 INFO  [org.jboss.as.controller.management-deprecated] (ServerService Thread Pool -- 18) WFLYCTL0028: Attribute 'job-repository-type' in the resource at address '/subsystem=batch' is deprecated, and may be removed in future version. See the attribute description in the output of the read-resource-description operation to learn more about the deprecation.
2021-03-29 17:01:48,977 INFO  [org.jboss.as.controller.management-deprecated] (ServerService Thread Pool -- 11) WFLYCTL0028: Attribute 'enabled' in the resource at address '/subsystem=datasources/data-source=ExampleDS' is deprecated, and may be removed in future version. See the attribute description in the output of the read-resource-description operation to learn more about the deprecation.
2021-03-29 17:01:49,080 INFO  [org.jboss.as.server] (Controller Boot Thread) WFLYSRV0039: Creating http management service using socket-binding (management-http)
2021-03-29 17:01:49,114 INFO  [org.xnio] (MSC service thread 1-8) XNIO version 3.3.1.Final
2021-03-29 17:01:49,131 INFO  [org.xnio.nio] (MSC service thread 1-8) XNIO NIO Implementation Version 3.3.1.Final
2021-03-29 17:01:49,182 INFO  [org.jboss.remoting] (MSC service thread 1-8) JBoss Remoting version 4.0.9.Final
2021-03-29 17:01:49,243 INFO  [org.wildfly.extension.io] (ServerService Thread Pool -- 37) WFLYIO001: Worker 'default' has auto-configured to 8 core threads with 64 task threads based on your 4 available processors
2021-03-29 17:01:49,251 INFO  [org.jboss.as.clustering.infinispan] (ServerService Thread Pool -- 38) WFLYCLINF0001: Activating Infinispan subsystem.
2021-03-29 17:01:49,302 INFO  [org.jboss.as.connector.subsystems.datasources] (ServerService Thread Pool -- 33) WFLYJCA0004: Deploying JDBC-compliant driver class org.h2.Driver (version 1.3)
2021-03-29 17:01:49,312 INFO  [org.jboss.as.connector] (MSC service thread 1-1) WFLYJCA0009: Starting JCA Subsystem (IronJacamar 1.2.4.Final)
2021-03-29 17:01:49,333 INFO  [org.jboss.as.connector.deployers.jdbc] (MSC service thread 1-3) WFLYJCA0018: Started Driver service with driver-name = h2
2021-03-29 17:01:49,353 INFO  [org.jboss.as.jsf] (ServerService Thread Pool -- 44) WFLYJSF0007: Activated the following JSF Implementations: [main]
2021-03-29 17:01:49,355 INFO  [org.jboss.as.naming] (ServerService Thread Pool -- 46) WFLYNAM0001: Activating Naming Subsystem
2021-03-29 17:01:49,414 INFO  [org.jboss.as.naming] (MSC service thread 1-2) WFLYNAM0003: Starting Naming Service
2021-03-29 17:01:49,414 INFO  [org.jboss.as.mail.extension] (MSC service thread 1-8) WFLYMAIL0001: Bound mail session [java:jboss/mail/Default]
2021-03-29 17:01:49,565 INFO  [org.jboss.as.security] (ServerService Thread Pool -- 53) WFLYSEC0002: Activating Security Subsystem
2021-03-29 17:01:49,567 WARN  [org.jboss.as.txn] (ServerService Thread Pool -- 54) WFLYTX0013: Node identifier property is set to the default value. Please make sure it is unique.
2021-03-29 17:01:49,579 INFO  [org.jboss.as.security] (MSC service thread 1-3) WFLYSEC0001: Current PicketBox version=4.9.2.Final
2021-03-29 17:01:49,603 INFO  [org.jboss.as.webservices] (ServerService Thread Pool -- 56) WFLYWS0002: Activating WebServices Extension
2021-03-29 17:01:49,629 INFO  [org.wildfly.extension.undertow] (MSC service thread 1-2) WFLYUT0003: Undertow 1.2.8.Final starting
2021-03-29 17:01:49,636 INFO  [org.wildfly.extension.undertow] (ServerService Thread Pool -- 55) WFLYUT0003: Undertow 1.2.8.Final starting
2021-03-29 17:01:49,788 INFO  [org.wildfly.extension.undertow] (ServerService Thread Pool -- 55) WFLYUT0014: Creating file handler for path /srv/jbossas7-img/wildfly-9.0.0.Final/welcome-content
2021-03-29 17:01:49,796 INFO  [org.wildfly.extension.undertow] (MSC service thread 1-6) WFLYUT0012: Started server default-server.
2021-03-29 17:01:49,853 INFO  [org.wildfly.extension.undertow] (MSC service thread 1-1) WFLYUT0018: Host default-host starting
2021-03-29 17:01:49,954 INFO  [org.wildfly.extension.undertow] (MSC service thread 1-6) WFLYUT0006: Undertow HTTP listener default listening on /127.0.0.1:8080
2021-03-29 17:01:50,163 INFO  [org.jboss.as.server.deployment.scanner] (MSC service thread 1-2) WFLYDS0013: Started FileSystemDeploymentService for directory /srv/jbossas7-img/wildfly-9.0.0.Final/standalone/deployments
2021-03-29 17:01:50,173 INFO  [org.jboss.as.server.deployment] (MSC service thread 1-5) WFLYSRV0027: Starting deployment of "example.war" (runtime-name: "example.war")
2021-03-29 17:01:50,242 INFO  [org.jboss.as.connector.subsystems.datasources] (MSC service thread 1-2) WFLYJCA0001: Bound data source [java:jboss/datasources/ExampleDS]
2021-03-29 17:01:50,342 INFO  [org.jboss.ws.common.management] (MSC service thread 1-4) JBWS022052: Starting JBoss Web Services - Stack CXF Server 5.0.0.Final
2021-03-29 17:01:50,865 INFO  [org.wildfly.extension.undertow] (ServerService Thread Pool -- 58) WFLYUT0021: Registered web context: /example
2021-03-29 17:01:50,942 INFO  [org.jboss.as.server] (ServerService Thread Pool -- 34) WFLYSRV0010: Deployed "example.war" (runtime-name : "example.war")
2021-03-29 17:01:51,135 INFO  [org.jboss.as] (Controller Boot Thread) WFLYSRV0060: Http management interface listening on http://127.0.0.1:9990/management
2021-03-29 17:01:51,136 INFO  [org.jboss.as] (Controller Boot Thread) WFLYSRV0051: Admin console listening on http://127.0.0.1:9990
2021-03-29 17:01:51,137 INFO  [org.jboss.as] (Controller Boot Thread) WFLYSRV0025: WildFly Full 9.0.0.Final (WildFly Core 1.0.0.Final) started in 4275ms - Started 272 of 453 services (221 services are lazy, passive or on-demand)
2021-03-29 17:17:27,993 INFO  [org.jboss.modules] (main) JBoss Modules version 1.4.3.Final
2021-03-29 17:17:28,266 INFO  [org.jboss.msc] (main) JBoss MSC version 1.2.6.Final
2021-03-29 17:17:28,338 INFO  [org.jboss.as] (MSC service thread 1-8) WFLYSRV0049: WildFly Full 9.0.0.Final (WildFly Core 1.0.0.Final) starting
2021-03-29 17:17:28,340 DEBUG [org.jboss.as.config] (MSC service thread 1-8) Configured system properties:
	[Standalone] = 
	awt.toolkit = sun.awt.X11.XToolkit
	file.encoding = UTF-8
	file.encoding.pkg = sun.io
	file.separator = /
	java.awt.graphicsenv = sun.awt.X11GraphicsEnvironment
	java.awt.headless = true
	java.awt.printerjob = sun.print.PSPrinterJob
	java.class.path = /home/gonzalo/devops/wildfly-9.0.0.Final/jboss-modules.jar
	java.class.version = 52.0
	java.endorsed.dirs = /usr/lib/jvm/java-8-openjdk-amd64/jre/lib/endorsed
	java.ext.dirs = /usr/lib/jvm/java-8-openjdk-amd64/jre/lib/ext:/usr/java/packages/lib/ext
	java.home = /usr/lib/jvm/java-8-openjdk-amd64/jre
	java.io.tmpdir = /tmp
	java.library.path = /usr/java/packages/lib/amd64:/usr/lib/x86_64-linux-gnu/jni:/lib/x86_64-linux-gnu:/usr/lib/x86_64-linux-gnu:/usr/lib/jni:/lib:/usr/lib
	java.net.preferIPv4Stack = true
	java.runtime.name = OpenJDK Runtime Environment
	java.runtime.version = 1.8.0_282-8u282-b08-0ubuntu1~20.04-b08
	java.specification.name = Java Platform API Specification
	java.specification.vendor = Oracle Corporation
	java.specification.version = 1.8
	java.util.logging.manager = org.jboss.logmanager.LogManager
	java.vendor = Private Build
	java.vendor.url = http://java.oracle.com/
	java.vendor.url.bug = http://bugreport.sun.com/bugreport/
	java.version = 1.8.0_282
	java.vm.info = mixed mode
	java.vm.name = OpenJDK 64-Bit Server VM
	java.vm.specification.name = Java Virtual Machine Specification
	java.vm.specification.vendor = Oracle Corporation
	java.vm.specification.version = 1.8
	java.vm.vendor = Private Build
	java.vm.version = 25.282-b08
	javax.management.builder.initial = org.jboss.as.jmx.PluggableMBeanServerBuilder
	javax.xml.datatype.DatatypeFactory = __redirected.__DatatypeFactory
	javax.xml.parsers.DocumentBuilderFactory = __redirected.__DocumentBuilderFactory
	javax.xml.parsers.SAXParserFactory = __redirected.__SAXParserFactory
	javax.xml.stream.XMLEventFactory = __redirected.__XMLEventFactory
	javax.xml.stream.XMLInputFactory = __redirected.__XMLInputFactory
	javax.xml.stream.XMLOutputFactory = __redirected.__XMLOutputFactory
	javax.xml.transform.TransformerFactory = __redirected.__TransformerFactory
	javax.xml.validation.SchemaFactory:http://www.w3.org/2001/XMLSchema = __redirected.__SchemaFactory
	javax.xml.xpath.XPathFactory:http://java.sun.com/jaxp/xpath/dom = __redirected.__XPathFactory
	jboss.home.dir = /home/gonzalo/devops/wildfly-9.0.0.Final
	jboss.host.name = hg
	jboss.modules.dir = /home/gonzalo/devops/wildfly-9.0.0.Final/modules
	jboss.modules.system.pkgs = org.jboss.byteman
	jboss.node.name = hg
	jboss.qualified.host.name = hg
	jboss.server.base.dir = /home/gonzalo/devops/wildfly-9.0.0.Final/standalone
	jboss.server.config.dir = /home/gonzalo/devops/wildfly-9.0.0.Final/standalone/configuration
	jboss.server.data.dir = /home/gonzalo/devops/wildfly-9.0.0.Final/standalone/data
	jboss.server.deploy.dir = /home/gonzalo/devops/wildfly-9.0.0.Final/standalone/data/content
	jboss.server.log.dir = /home/gonzalo/devops/wildfly-9.0.0.Final/standalone/log
	jboss.server.name = hg
	jboss.server.persist.config = true
	jboss.server.temp.dir = /home/gonzalo/devops/wildfly-9.0.0.Final/standalone/tmp
	line.separator = 

	logging.configuration = file:/home/gonzalo/devops/wildfly-9.0.0.Final/standalone/configuration/logging.properties
	module.path = /home/gonzalo/devops/wildfly-9.0.0.Final/modules
	org.jboss.boot.log.file = /home/gonzalo/devops/wildfly-9.0.0.Final/standalone/log/server.log
	org.jboss.resolver.warning = true
	org.xml.sax.driver = __redirected.__XMLReaderFactory
	os.arch = amd64
	os.name = Linux
	os.version = 5.4.0-70-generic
	path.separator = :
	sun.arch.data.model = 64
	sun.boot.class.path = /usr/lib/jvm/java-8-openjdk-amd64/jre/lib/resources.jar:/usr/lib/jvm/java-8-openjdk-amd64/jre/lib/rt.jar:/usr/lib/jvm/java-8-openjdk-amd64/jre/lib/sunrsasign.jar:/usr/lib/jvm/java-8-openjdk-amd64/jre/lib/jsse.jar:/usr/lib/jvm/java-8-openjdk-amd64/jre/lib/jce.jar:/usr/lib/jvm/java-8-openjdk-amd64/jre/lib/charsets.jar:/usr/lib/jvm/java-8-openjdk-amd64/jre/lib/jfr.jar:/usr/lib/jvm/java-8-openjdk-amd64/jre/classes
	sun.boot.library.path = /usr/lib/jvm/java-8-openjdk-amd64/jre/lib/amd64
	sun.cpu.endian = little
	sun.cpu.isalist = 
	sun.io.unicode.encoding = UnicodeLittle
	sun.java.command = /home/gonzalo/devops/wildfly-9.0.0.Final/jboss-modules.jar -mp /home/gonzalo/devops/wildfly-9.0.0.Final/modules org.jboss.as.standalone -Djboss.home.dir=/home/gonzalo/devops/wildfly-9.0.0.Final -Djboss.server.base.dir=/home/gonzalo/devops/wildfly-9.0.0.Final/standalone
	sun.java.launcher = SUN_STANDARD
	sun.jnu.encoding = UTF-8
	sun.management.compiler = HotSpot 64-Bit Tiered Compilers
	sun.os.patch.level = unknown
	user.country = UY
	user.dir = /home/gonzalo/devops
	user.home = /root
	user.language = es
	user.name = root
	user.timezone = America/Montevideo
2021-03-29 17:17:28,340 DEBUG [org.jboss.as.config] (MSC service thread 1-8) VM Arguments: -D[Standalone] -XX:+UseCompressedOops -XX:+UseCompressedOops -Xms64m -Xmx512m -XX:MaxPermSize=256m -Djava.net.preferIPv4Stack=true -Djboss.modules.system.pkgs=org.jboss.byteman -Djava.awt.headless=true -Dorg.jboss.boot.log.file=/home/gonzalo/devops/wildfly-9.0.0.Final/standalone/log/server.log -Dlogging.configuration=file:/home/gonzalo/devops/wildfly-9.0.0.Final/standalone/configuration/logging.properties 
2021-03-29 17:17:29,460 INFO  [org.jboss.as.controller.management-deprecated] (ServerService Thread Pool -- 9) WFLYCTL0028: Attribute 'job-repository-type' in the resource at address '/subsystem=batch' is deprecated, and may be removed in future version. See the attribute description in the output of the read-resource-description operation to learn more about the deprecation.
2021-03-29 17:17:29,462 INFO  [org.jboss.as.controller.management-deprecated] (ServerService Thread Pool -- 11) WFLYCTL0028: Attribute 'enabled' in the resource at address '/subsystem=datasources/data-source=ExampleDS' is deprecated, and may be removed in future version. See the attribute description in the output of the read-resource-description operation to learn more about the deprecation.
2021-03-29 17:17:29,493 INFO  [org.jboss.as.server] (Controller Boot Thread) WFLYSRV0039: Creating http management service using socket-binding (management-http)
2021-03-29 17:17:29,531 INFO  [org.xnio] (MSC service thread 1-2) XNIO version 3.3.1.Final
